[debug] [2020-10-31T17:55:30.908Z] ----------------------------------------------------------------------
[debug] [2020-10-31T17:55:30.910Z] Command:       C:\Program Files\nodejs\node.exe C:\Users\MAAPAA\AppData\Roaming\npm\node_modules\firebase-tools\lib\bin\firebase.js emulators:start
[debug] [2020-10-31T17:55:30.911Z] CLI Version:   8.14.1
[debug] [2020-10-31T17:55:30.911Z] Platform:      win32
[debug] [2020-10-31T17:55:30.911Z] Node Version:  v14.2.0
[debug] [2020-10-31T17:55:30.912Z] Time:          Sat Oct 31 2020 23:25:30 GMT+0530 (India Standard Time)
[debug] [2020-10-31T17:55:30.912Z] ----------------------------------------------------------------------
[debug] [2020-10-31T17:55:30.912Z] 
[debug] [2020-10-31T17:55:30.923Z] > command requires scopes: ["email","openid","https://www.googleapis.com/auth/cloudplatformprojects.readonly","https://www.googleapis.com/auth/firebase","https://www.googleapis.com/auth/cloud-platform"]
[debug] [2020-10-31T17:55:30.923Z] > authorizing via signed-in user
[info] i  emulators: Starting emulators: functions, hosting {"metadata":{"emulator":{"name":"hub"},"message":"Starting emulators: functions, hosting"}}
[debug] [2020-10-31T17:55:33.024Z] [hub] writing locator at C:\Users\MAAPAA\AppData\Local\Temp\hub-clone-5c13f.json
[warn] !  functions: The following emulators are not running, calls to these services from the Functions emulator will affect production: auth, firestore, database, pubsub {"metadata":{"emulator":{"name":"functions"},"message":"The following emulators are not running, calls to these services from the Functions emulator will affect production: \u001b[1mauth, firestore, database, pubsub\u001b[22m"}}
[warn] !  Your requested "node" version "12" doesn't match your global version "14" {"metadata":{"emulator":{"name":"functions"},"message":"Your requested \"node\" version \"12\" doesn't match your global version \"14\""}}
[debug] [2020-10-31T17:55:35.097Z] defaultcredentials: writing to file C:\Users\MAAPAA\AppData\Roaming\firebase\priyanshigupta997_gmail_com_application_default_credentials.json
[debug] [2020-10-31T17:55:35.103Z] Setting GAC to C:\Users\MAAPAA\AppData\Roaming\firebase\priyanshigupta997_gmail_com_application_default_credentials.json {"metadata":{"emulator":{"name":"functions"},"message":"Setting GAC to C:\\Users\\MAAPAA\\AppData\\Roaming\\firebase\\priyanshigupta997_gmail_com_application_default_credentials.json"}}
[debug] [2020-10-31T17:55:37.162Z] >>> HTTP REQUEST GET https://firebase.googleapis.com/v1beta1/projects/clone-5c13f/webApps/-/config  
 
[debug] [2020-10-31T17:55:38.728Z] <<< HTTP RESPONSE 200 {"content-type":"application/json; charset=UTF-8","vary":"X-Origin, Referer, Origin,Accept-Encoding","date":"Sat, 31 Oct 2020 17:55:38 GMT","server":"ESF","cache-control":"private","x-xss-protection":"0","x-frame-options":"SAMEORIGIN","x-content-type-options":"nosniff","alt-svc":"h3-Q050=\":443\"; ma=2592000,h3-29=\":443\"; ma=2592000,h3-T051=\":443\"; ma=2592000,h3-T050=\":443\"; ma=2592000,h3-Q046=\":443\"; ma=2592000,h3-Q043=\":443\"; ma=2592000,quic=\":443\"; ma=2592000; v=\"46,43\"","accept-ranges":"none","transfer-encoding":"chunked"}
[info] i  hosting: Serving hosting files from: build {"metadata":{"emulator":{"name":"hosting"},"message":"Serving hosting files from: \u001b[1mbuild\u001b[22m"}}
[info] +  hosting: Local server: http://localhost:5000 {"metadata":{"emulator":{"name":"hosting"},"message":"Local server: \u001b[4m\u001b[1mhttp://localhost:5000\u001b[22m\u001b[24m"}}
[info] i  ui: downloading ui-v1.2.2.zip... {"metadata":{"emulator":{"name":"ui"},"message":"downloading ui-v1.2.2.zip..."}}
[debug] [2020-10-31T17:55:46.888Z] Ignoring unsupported arg: auto_download {"metadata":{"emulator":{"name":"ui"},"message":"Ignoring unsupported arg: auto_download"}}
[debug] [2020-10-31T17:55:46.889Z] Ignoring unsupported arg: port {"metadata":{"emulator":{"name":"ui"},"message":"Ignoring unsupported arg: port"}}
[debug] [2020-10-31T17:55:46.889Z] Starting Emulator UI with command {"binary":"node","args":["C:\\Users\\MAAPAA\\.cache\\firebase\\emulators\\ui-v1.2.2\\server.bundle.js"],"optionalArgs":[],"joinArgs":false} {"metadata":{"emulator":{"name":"ui"},"message":"Starting Emulator UI with command {\"binary\":\"node\",\"args\":[\"C:\\\\Users\\\\MAAPAA\\\\.cache\\\\firebase\\\\emulators\\\\ui-v1.2.2\\\\server.bundle.js\"],\"optionalArgs\":[],\"joinArgs\":false}"}}
[info] i  ui: Emulator UI logging to ui-debug.log {"metadata":{"emulator":{"name":"ui"},"message":"Emulator UI logging to \u001b[1mui-debug.log\u001b[22m"}}
[debug] [2020-10-31T17:55:47.073Z] Web / API server started at http://localhost:4000
 {"metadata":{"emulator":{"name":"ui"},"message":"Web / API server started at http://localhost:4000\n"}}
[info] i  functions: Watching "C:\Users\MAAPAA\Desktop\Me\amazon\functions" for Cloud Functions... {"metadata":{"emulator":{"name":"functions"},"message":"Watching \"C:\\Users\\MAAPAA\\Desktop\\Me\\amazon\\functions\" for Cloud Functions..."}}
[debug] [2020-10-31T17:55:47.637Z] [worker-pool] addWorker(~diagnostic~) {"metadata":{"emulator":{"name":"functions"},"message":"[worker-pool] addWorker(~diagnostic~)"}}
[debug] [2020-10-31T17:55:47.638Z] [worker-pool] Adding worker with key ~diagnostic~, total=1 {"metadata":{"emulator":{"name":"functions"},"message":"[worker-pool] Adding worker with key ~diagnostic~, total=1"}}
[debug] [2020-10-31T17:55:47.638Z] [worker-pool] submitWork(triggerId=) {"metadata":{"emulator":{"name":"functions"},"message":"[worker-pool] submitWork(triggerId=)"}}
[debug] [2020-10-31T17:55:47.639Z] [worker-~diagnostic~-49c7dcf6-6295-4fca-83b3-7439b8ca2a9d]: Assigning socketPath: \\?\pipe\C:\Users\MAAPAA\Desktop\Me\amazon\functions\1080 {"metadata":{"emulator":{"name":"functions"},"message":"[worker-~diagnostic~-49c7dcf6-6295-4fca-83b3-7439b8ca2a9d]: Assigning socketPath: \\\\?\\pipe\\C:\\Users\\MAAPAA\\Desktop\\Me\\amazon\\functions\\1080"}}
[debug] [2020-10-31T17:55:47.640Z] [worker-~diagnostic~-49c7dcf6-6295-4fca-83b3-7439b8ca2a9d]: BUSY {"metadata":{"emulator":{"name":"functions"},"message":"[worker-~diagnostic~-49c7dcf6-6295-4fca-83b3-7439b8ca2a9d]: BUSY"}}
[debug] [2020-10-31T17:55:48.187Z] [runtime-status] [1080] Functions runtime initialized. {"cwd":"C:\\Users\\MAAPAA\\Desktop\\Me\\amazon\\functions","node_version":"14.2.0"} {"metadata":{"emulator":{"name":"functions"},"message":"[runtime-status] [1080] Functions runtime initialized. {\"cwd\":\"C:\\\\Users\\\\MAAPAA\\\\Desktop\\\\Me\\\\amazon\\\\functions\",\"node_version\":\"14.2.0\"}"}}
[debug] [2020-10-31T17:55:48.188Z] [runtime-status] [1080] Disabled runtime features: undefined {"metadata":{"emulator":{"name":"functions"},"message":"[runtime-status] [1080] Disabled runtime features: undefined"}}
[debug] [2020-10-31T17:55:48.192Z] [runtime-status] [1080] Resolved module firebase-admin {"declared":true,"installed":true,"version":"9.3.0","resolution":"C:\\Users\\MAAPAA\\Desktop\\Me\\amazon\\functions\\node_modules\\firebase-admin\\lib\\index.js"} {"metadata":{"emulator":{"name":"functions"},"message":"[runtime-status] [1080] Resolved module firebase-admin {\"declared\":true,\"installed\":true,\"version\":\"9.3.0\",\"resolution\":\"C:\\\\Users\\\\MAAPAA\\\\Desktop\\\\Me\\\\amazon\\\\functions\\\\node_modules\\\\firebase-admin\\\\lib\\\\index.js\"}"}}
[debug] [2020-10-31T17:55:48.194Z] [runtime-status] [1080] Resolved module firebase-functions {"declared":true,"installed":true,"version":"3.11.0","resolution":"C:\\Users\\MAAPAA\\Desktop\\Me\\amazon\\functions\\node_modules\\firebase-functions\\lib\\index.js"} {"metadata":{"emulator":{"name":"functions"},"message":"[runtime-status] [1080] Resolved module firebase-functions {\"declared\":true,\"installed\":true,\"version\":\"3.11.0\",\"resolution\":\"C:\\\\Users\\\\MAAPAA\\\\Desktop\\\\Me\\\\amazon\\\\functions\\\\node_modules\\\\firebase-functions\\\\lib\\\\index.js\"}"}}
[debug] [2020-10-31T17:55:48.196Z] [runtime-status] [1080] Resolved module firebase-functions {"declared":true,"installed":true,"version":"3.11.0","resolution":"C:\\Users\\MAAPAA\\Desktop\\Me\\amazon\\functions\\node_modules\\firebase-functions\\lib\\index.js"} {"metadata":{"emulator":{"name":"functions"},"message":"[runtime-status] [1080] Resolved module firebase-functions {\"declared\":true,\"installed\":true,\"version\":\"3.11.0\",\"resolution\":\"C:\\\\Users\\\\MAAPAA\\\\Desktop\\\\Me\\\\amazon\\\\functions\\\\node_modules\\\\firebase-functions\\\\lib\\\\index.js\"}"}}
[debug] [2020-10-31T17:55:48.197Z] [runtime-status] [1080] Outgoing network have been stubbed. [{"name":"http","status":"mocked"},{"name":"http","status":"mocked"},{"name":"https","status":"mocked"},{"name":"https","status":"mocked"},{"name":"net","status":"mocked"}] {"metadata":{"emulator":{"name":"functions"},"message":"[runtime-status] [1080] Outgoing network have been stubbed. [{\"name\":\"http\",\"status\":\"mocked\"},{\"name\":\"http\",\"status\":\"mocked\"},{\"name\":\"https\",\"status\":\"mocked\"},{\"name\":\"https\",\"status\":\"mocked\"},{\"name\":\"net\",\"status\":\"mocked\"}]"}}
[debug] [2020-10-31T17:55:48.198Z] [runtime-status] [1080] Resolved module firebase-functions {"declared":true,"installed":true,"version":"3.11.0","resolution":"C:\\Users\\MAAPAA\\Desktop\\Me\\amazon\\functions\\node_modules\\firebase-functions\\lib\\index.js"} {"metadata":{"emulator":{"name":"functions"},"message":"[runtime-status] [1080] Resolved module firebase-functions {\"declared\":true,\"installed\":true,\"version\":\"3.11.0\",\"resolution\":\"C:\\\\Users\\\\MAAPAA\\\\Desktop\\\\Me\\\\amazon\\\\functions\\\\node_modules\\\\firebase-functions\\\\lib\\\\index.js\"}"}}
[debug] [2020-10-31T17:55:48.261Z] [runtime-status] [1080] Checked functions.config() {"config":{}} {"metadata":{"emulator":{"name":"functions"},"message":"[runtime-status] [1080] Checked functions.config() {\"config\":{}}"}}
[debug] [2020-10-31T17:55:48.261Z] [runtime-status] [1080] firebase-functions has been stubbed. {"functionsResolution":{"declared":true,"installed":true,"version":"3.11.0","resolution":"C:\\Users\\MAAPAA\\Desktop\\Me\\amazon\\functions\\node_modules\\firebase-functions\\lib\\index.js"}} {"metadata":{"emulator":{"name":"functions"},"message":"[runtime-status] [1080] firebase-functions has been stubbed. {\"functionsResolution\":{\"declared\":true,\"installed\":true,\"version\":\"3.11.0\",\"resolution\":\"C:\\\\Users\\\\MAAPAA\\\\Desktop\\\\Me\\\\amazon\\\\functions\\\\node_modules\\\\firebase-functions\\\\lib\\\\index.js\"}}"}}
[debug] [2020-10-31T17:55:48.262Z] [runtime-status] [1080] Resolved module firebase-functions {"declared":true,"installed":true,"version":"3.11.0","resolution":"C:\\Users\\MAAPAA\\Desktop\\Me\\amazon\\functions\\node_modules\\firebase-functions\\lib\\index.js"} {"metadata":{"emulator":{"name":"functions"},"message":"[runtime-status] [1080] Resolved module firebase-functions {\"declared\":true,\"installed\":true,\"version\":\"3.11.0\",\"resolution\":\"C:\\\\Users\\\\MAAPAA\\\\Desktop\\\\Me\\\\amazon\\\\functions\\\\node_modules\\\\firebase-functions\\\\lib\\\\index.js\"}"}}
[debug] [2020-10-31T17:55:48.263Z] [runtime-status] [1080] Resolved module firebase-admin {"declared":true,"installed":true,"version":"9.3.0","resolution":"C:\\Users\\MAAPAA\\Desktop\\Me\\amazon\\functions\\node_modules\\firebase-admin\\lib\\index.js"} {"metadata":{"emulator":{"name":"functions"},"message":"[runtime-status] [1080] Resolved module firebase-admin {\"declared\":true,\"installed\":true,\"version\":\"9.3.0\",\"resolution\":\"C:\\\\Users\\\\MAAPAA\\\\Desktop\\\\Me\\\\amazon\\\\functions\\\\node_modules\\\\firebase-admin\\\\lib\\\\index.js\"}"}}
[debug] [2020-10-31T17:55:48.264Z] [runtime-status] [1080] Resolved module firebase-functions {"declared":true,"installed":true,"version":"3.11.0","resolution":"C:\\Users\\MAAPAA\\Desktop\\Me\\amazon\\functions\\node_modules\\firebase-functions\\lib\\index.js"} {"metadata":{"emulator":{"name":"functions"},"message":"[runtime-status] [1080] Resolved module firebase-functions {\"declared\":true,\"installed\":true,\"version\":\"3.11.0\",\"resolution\":\"C:\\\\Users\\\\MAAPAA\\\\Desktop\\\\Me\\\\amazon\\\\functions\\\\node_modules\\\\firebase-functions\\\\lib\\\\index.js\"}"}}
[debug] [2020-10-31T17:55:48.265Z] [runtime-status] [1080] firebase-admin has been stubbed. {"adminResolution":{"declared":true,"installed":true,"version":"9.3.0","resolution":"C:\\Users\\MAAPAA\\Desktop\\Me\\amazon\\functions\\node_modules\\firebase-admin\\lib\\index.js"}} {"metadata":{"emulator":{"name":"functions"},"message":"[runtime-status] [1080] firebase-admin has been stubbed. {\"adminResolution\":{\"declared\":true,\"installed\":true,\"version\":\"9.3.0\",\"resolution\":\"C:\\\\Users\\\\MAAPAA\\\\Desktop\\\\Me\\\\amazon\\\\functions\\\\node_modules\\\\firebase-admin\\\\lib\\\\index.js\"}}"}}
[info] +  functions[api]: http function initialized (http://localhost:5001/clone-5c13f/us-central1/api). {"metadata":{"emulator":{"name":"functions"},"message":"\u001b[1mhttp\u001b[22m function initialized (http://localhost:5001/clone-5c13f/us-central1/api)."}}
[info] 
┌───────────────────────────────────────────────────────────────────────┐
│ ✔  All emulators ready! View status and logs at http://localhost:4000 │
└───────────────────────────────────────────────────────────────────────┘

┌───────────┬────────────────┬─────────────────────────────────┐
│ Emulator  │ Host:Port      │ View in Emulator UI             │
├───────────┼────────────────┼─────────────────────────────────┤
│ Functions │ localhost:5001 │ http://localhost:4000/functions │
├───────────┼────────────────┼─────────────────────────────────┤
│ Hosting   │ localhost:5000 │ n/a                             │
└───────────┴────────────────┴─────────────────────────────────┘
  Other reserved ports: 4400, 4500

Issues? Report them at https://github.com/firebase/firebase-tools/issues and attach the *-debug.log files.
 
[debug] [2020-10-31T17:55:48.901Z] [worker-~diagnostic~-49c7dcf6-6295-4fca-83b3-7439b8ca2a9d]: IDLE {"metadata":{"emulator":{"name":"functions"},"message":"[worker-~diagnostic~-49c7dcf6-6295-4fca-83b3-7439b8ca2a9d]: IDLE"}}
[debug] [2020-10-31T17:57:32.805Z] [work-queue] {"queueLength":1,"workRunningCount":0}
[debug] [2020-10-31T17:57:32.806Z] [work-queue] {"queueLength":0,"workRunningCount":1}
[debug] [2020-10-31T17:57:32.807Z] Accepted request GET /clone-5c13f/us-central1/api --> api
[debug] [2020-10-31T17:57:32.818Z] [worker-pool] addWorker(api) {"metadata":{"emulator":{"name":"functions"},"message":"[worker-pool] addWorker(api)"}}
[debug] [2020-10-31T17:57:32.819Z] [worker-pool] Adding worker with key api, total=1 {"metadata":{"emulator":{"name":"functions"},"message":"[worker-pool] Adding worker with key api, total=1"}}
[debug] [2020-10-31T17:57:32.820Z] [worker-pool] submitWork(triggerId=api) {"metadata":{"emulator":{"name":"functions"},"message":"[worker-pool] submitWork(triggerId=api)"}}
[debug] [2020-10-31T17:57:32.821Z] [worker-api-135c5124-49be-404e-a7e1-0a2ab6d285be]: Assigning socketPath: \\?\pipe\C:\Users\MAAPAA\Desktop\Me\amazon\functions\16264 {"metadata":{"emulator":{"name":"functions"},"message":"[worker-api-135c5124-49be-404e-a7e1-0a2ab6d285be]: Assigning socketPath: \\\\?\\pipe\\C:\\Users\\MAAPAA\\Desktop\\Me\\amazon\\functions\\16264"}}
[debug] [2020-10-31T17:57:32.822Z] [worker-api-135c5124-49be-404e-a7e1-0a2ab6d285be]: BUSY {"metadata":{"emulator":{"name":"functions"},"message":"[worker-api-135c5124-49be-404e-a7e1-0a2ab6d285be]: BUSY"}}
[debug] [2020-10-31T17:57:33.452Z] [runtime-status] [16264] Functions runtime initialized. {"cwd":"C:\\Users\\MAAPAA\\Desktop\\Me\\amazon\\functions","node_version":"14.2.0"} {"metadata":{"emulator":{"name":"functions"},"function":{"name":"api"},"message":"[runtime-status] [16264] Functions runtime initialized. {\"cwd\":\"C:\\\\Users\\\\MAAPAA\\\\Desktop\\\\Me\\\\amazon\\\\functions\",\"node_version\":\"14.2.0\"}"}}
[debug] [2020-10-31T17:57:33.454Z] [runtime-status] [16264] Disabled runtime features: undefined {"metadata":{"emulator":{"name":"functions"},"function":{"name":"api"},"message":"[runtime-status] [16264] Disabled runtime features: undefined"}}
[debug] [2020-10-31T17:57:33.457Z] [runtime-status] [16264] Resolved module firebase-admin {"declared":true,"installed":true,"version":"9.3.0","resolution":"C:\\Users\\MAAPAA\\Desktop\\Me\\amazon\\functions\\node_modules\\firebase-admin\\lib\\index.js"} {"metadata":{"emulator":{"name":"functions"},"function":{"name":"api"},"message":"[runtime-status] [16264] Resolved module firebase-admin {\"declared\":true,\"installed\":true,\"version\":\"9.3.0\",\"resolution\":\"C:\\\\Users\\\\MAAPAA\\\\Desktop\\\\Me\\\\amazon\\\\functions\\\\node_modules\\\\firebase-admin\\\\lib\\\\index.js\"}"}}
[debug] [2020-10-31T17:57:33.459Z] [runtime-status] [16264] Resolved module firebase-functions {"declared":true,"installed":true,"version":"3.11.0","resolution":"C:\\Users\\MAAPAA\\Desktop\\Me\\amazon\\functions\\node_modules\\firebase-functions\\lib\\index.js"} {"metadata":{"emulator":{"name":"functions"},"function":{"name":"api"},"message":"[runtime-status] [16264] Resolved module firebase-functions {\"declared\":true,\"installed\":true,\"version\":\"3.11.0\",\"resolution\":\"C:\\\\Users\\\\MAAPAA\\\\Desktop\\\\Me\\\\amazon\\\\functions\\\\node_modules\\\\firebase-functions\\\\lib\\\\index.js\"}"}}
[debug] [2020-10-31T17:57:33.460Z] [runtime-status] [16264] Resolved module firebase-functions {"declared":true,"installed":true,"version":"3.11.0","resolution":"C:\\Users\\MAAPAA\\Desktop\\Me\\amazon\\functions\\node_modules\\firebase-functions\\lib\\index.js"} {"metadata":{"emulator":{"name":"functions"},"function":{"name":"api"},"message":"[runtime-status] [16264] Resolved module firebase-functions {\"declared\":true,\"installed\":true,\"version\":\"3.11.0\",\"resolution\":\"C:\\\\Users\\\\MAAPAA\\\\Desktop\\\\Me\\\\amazon\\\\functions\\\\node_modules\\\\firebase-functions\\\\lib\\\\index.js\"}"}}
[debug] [2020-10-31T17:57:33.462Z] [runtime-status] [16264] Outgoing network have been stubbed. [{"name":"http","status":"mocked"},{"name":"http","status":"mocked"},{"name":"https","status":"mocked"},{"name":"https","status":"mocked"},{"name":"net","status":"mocked"}] {"metadata":{"emulator":{"name":"functions"},"function":{"name":"api"},"message":"[runtime-status] [16264] Outgoing network have been stubbed. [{\"name\":\"http\",\"status\":\"mocked\"},{\"name\":\"http\",\"status\":\"mocked\"},{\"name\":\"https\",\"status\":\"mocked\"},{\"name\":\"https\",\"status\":\"mocked\"},{\"name\":\"net\",\"status\":\"mocked\"}]"}}
[debug] [2020-10-31T17:57:33.463Z] [runtime-status] [16264] Resolved module firebase-functions {"declared":true,"installed":true,"version":"3.11.0","resolution":"C:\\Users\\MAAPAA\\Desktop\\Me\\amazon\\functions\\node_modules\\firebase-functions\\lib\\index.js"} {"metadata":{"emulator":{"name":"functions"},"function":{"name":"api"},"message":"[runtime-status] [16264] Resolved module firebase-functions {\"declared\":true,\"installed\":true,\"version\":\"3.11.0\",\"resolution\":\"C:\\\\Users\\\\MAAPAA\\\\Desktop\\\\Me\\\\amazon\\\\functions\\\\node_modules\\\\firebase-functions\\\\lib\\\\index.js\"}"}}
[debug] [2020-10-31T17:57:33.514Z] [runtime-status] [16264] Checked functions.config() {"config":{}} {"metadata":{"emulator":{"name":"functions"},"function":{"name":"api"},"message":"[runtime-status] [16264] Checked functions.config() {\"config\":{}}"}}
[debug] [2020-10-31T17:57:33.514Z] [runtime-status] [16264] firebase-functions has been stubbed. {"functionsResolution":{"declared":true,"installed":true,"version":"3.11.0","resolution":"C:\\Users\\MAAPAA\\Desktop\\Me\\amazon\\functions\\node_modules\\firebase-functions\\lib\\index.js"}} {"metadata":{"emulator":{"name":"functions"},"function":{"name":"api"},"message":"[runtime-status] [16264] firebase-functions has been stubbed. {\"functionsResolution\":{\"declared\":true,\"installed\":true,\"version\":\"3.11.0\",\"resolution\":\"C:\\\\Users\\\\MAAPAA\\\\Desktop\\\\Me\\\\amazon\\\\functions\\\\node_modules\\\\firebase-functions\\\\lib\\\\index.js\"}}"}}
[debug] [2020-10-31T17:57:33.515Z] [runtime-status] [16264] Resolved module firebase-functions {"declared":true,"installed":true,"version":"3.11.0","resolution":"C:\\Users\\MAAPAA\\Desktop\\Me\\amazon\\functions\\node_modules\\firebase-functions\\lib\\index.js"} {"metadata":{"emulator":{"name":"functions"},"function":{"name":"api"},"message":"[runtime-status] [16264] Resolved module firebase-functions {\"declared\":true,\"installed\":true,\"version\":\"3.11.0\",\"resolution\":\"C:\\\\Users\\\\MAAPAA\\\\Desktop\\\\Me\\\\amazon\\\\functions\\\\node_modules\\\\firebase-functions\\\\lib\\\\index.js\"}"}}
[debug] [2020-10-31T17:57:33.516Z] [runtime-status] [16264] Resolved module firebase-admin {"declared":true,"installed":true,"version":"9.3.0","resolution":"C:\\Users\\MAAPAA\\Desktop\\Me\\amazon\\functions\\node_modules\\firebase-admin\\lib\\index.js"} {"metadata":{"emulator":{"name":"functions"},"function":{"name":"api"},"message":"[runtime-status] [16264] Resolved module firebase-admin {\"declared\":true,\"installed\":true,\"version\":\"9.3.0\",\"resolution\":\"C:\\\\Users\\\\MAAPAA\\\\Desktop\\\\Me\\\\amazon\\\\functions\\\\node_modules\\\\firebase-admin\\\\lib\\\\index.js\"}"}}
[debug] [2020-10-31T17:57:33.517Z] [runtime-status] [16264] Resolved module firebase-functions {"declared":true,"installed":true,"version":"3.11.0","resolution":"C:\\Users\\MAAPAA\\Desktop\\Me\\amazon\\functions\\node_modules\\firebase-functions\\lib\\index.js"} {"metadata":{"emulator":{"name":"functions"},"function":{"name":"api"},"message":"[runtime-status] [16264] Resolved module firebase-functions {\"declared\":true,\"installed\":true,\"version\":\"3.11.0\",\"resolution\":\"C:\\\\Users\\\\MAAPAA\\\\Desktop\\\\Me\\\\amazon\\\\functions\\\\node_modules\\\\firebase-functions\\\\lib\\\\index.js\"}"}}
[debug] [2020-10-31T17:57:33.517Z] [runtime-status] [16264] firebase-admin has been stubbed. {"adminResolution":{"declared":true,"installed":true,"version":"9.3.0","resolution":"C:\\Users\\MAAPAA\\Desktop\\Me\\amazon\\functions\\node_modules\\firebase-admin\\lib\\index.js"}} {"metadata":{"emulator":{"name":"functions"},"function":{"name":"api"},"message":"[runtime-status] [16264] firebase-admin has been stubbed. {\"adminResolution\":{\"declared\":true,\"installed\":true,\"version\":\"9.3.0\",\"resolution\":\"C:\\\\Users\\\\MAAPAA\\\\Desktop\\\\Me\\\\amazon\\\\functions\\\\node_modules\\\\firebase-admin\\\\lib\\\\index.js\"}}"}}
[debug] [2020-10-31T17:57:33.696Z] [runtime-status] [16264] Trigger "api" has been found, beginning invocation! {"metadata":{"emulator":{"name":"functions"},"function":{"name":"api"},"message":"[runtime-status] [16264] Trigger \"api\" has been found, beginning invocation!"}}
[info] i  functions: Beginning execution of "api" {"metadata":{"emulator":{"name":"functions"},"function":{"name":"api"},"message":"Beginning execution of \"api\""}}
[debug] [2020-10-31T17:57:33.697Z] [runtime-status] [16264] triggerDefinition {"httpsTrigger":{},"name":"api","entryPoint":"api"} {"metadata":{"emulator":{"name":"functions"},"function":{"name":"api"},"message":"[runtime-status] [16264] triggerDefinition {\"httpsTrigger\":{},\"name\":\"api\",\"entryPoint\":\"api\"}"}}
[debug] [2020-10-31T17:57:33.697Z] [runtime-status] [16264] Running api in mode HTTPS {"metadata":{"emulator":{"name":"functions"},"function":{"name":"api"},"message":"[runtime-status] [16264] Running api in mode HTTPS"}}
[debug] [2020-10-31T17:57:33.703Z] [runtime-status] [16264] Attempting to listen to socketPath: \\?\pipe\C:\Users\MAAPAA\Desktop\Me\amazon\functions\16264 {"metadata":{"emulator":{"name":"functions"},"function":{"name":"api"},"message":"[runtime-status] [16264] Attempting to listen to socketPath: \\\\?\\pipe\\C:\\Users\\MAAPAA\\Desktop\\Me\\amazon\\functions\\16264"}}
[debug] [2020-10-31T17:57:33.707Z] [functions] Runtime ready! Sending request! {"metadata":{"emulator":{"name":"functions"},"message":"[functions] Runtime ready! Sending request!"}}
[debug] [2020-10-31T17:57:33.718Z] [runtime-status] [16264] Ephemeral server handling GET request {"metadata":{"emulator":{"name":"functions"},"function":{"name":"api"},"message":"[runtime-status] [16264] Ephemeral server handling GET request"}}
[debug] [2020-10-31T17:57:33.727Z] [runtime-status] [16264] Ephemeral server survived. {"metadata":{"emulator":{"name":"functions"},"function":{"name":"api"},"message":"[runtime-status] [16264] Ephemeral server survived."}}
[info] i  functions: Finished "api" in ~1s {"metadata":{"emulator":{"name":"functions"},"function":{"name":"api"},"message":"Finished \"api\" in ~1s"}}
[debug] [2020-10-31T17:57:33.730Z] [worker-api-135c5124-49be-404e-a7e1-0a2ab6d285be]: IDLE {"metadata":{"emulator":{"name":"functions"},"message":"[worker-api-135c5124-49be-404e-a7e1-0a2ab6d285be]: IDLE"}}
[debug] [2020-10-31T17:57:33.731Z] [work-queue] {"queueLength":0,"workRunningCount":0}
[debug] [2020-10-31T17:57:33.887Z] Functions emulator received unknown request at path /favicon.ico
[debug] [2020-10-31T18:02:17.301Z] File C:\Users\MAAPAA\Desktop\Me\amazon\functions\index.js changed, reloading triggers {"metadata":{"emulator":{"name":"functions"},"message":"File C:\\Users\\MAAPAA\\Desktop\\Me\\amazon\\functions\\index.js changed, reloading triggers"}}
